{"uuid":"96b8fd3f-8590-439e-9a3b-359f88ea406f","historyId":"45246cb4df78e0ab9f9b735b5ce79937","fullName":"tests.FirstTest.test3","labels":[{"name":"package","value":"tests.FirstTest"},{"name":"testClass","value":"tests.FirstTest"},{"name":"testMethod","value":"test3"},{"name":"parentSuite","value":"Suite1"},{"name":"suite","value":"chrome"},{"name":"subSuite","value":"tests.FirstTest"},{"name":"host","value":"MacBook-Air-ONE.local"},{"name":"thread","value":"1968@MacBook-Air-ONE.local.TestNG-tests-1(15)"},{"name":"framework","value":"testng"},{"name":"language","value":"java"}],"links":[],"name":"test3","status":"broken","statusDetails":{"known":false,"muted":false,"flaky":false,"message":"session timed out or not found\nBuild info: version: '4.1.0', revision: '87802e897b'\nSystem info: host: 'MacBook-Air-ONE.local', ip: '2a02:d247:1102:19fc:48c0:64a6:6a16:aa72%en0', os.name: 'Mac OS X', os.arch: 'x86_64', os.version: '10.15.7', java.version: '1.8.0_301'\nDriver info: org.openqa.selenium.remote.RemoteWebDriver\nCommand: [9b09fe5e4f6ded7fcf5c518f51518f06, get {url=https://www.onliner.by}]\nCapabilities {acceptInsecureCerts: false, browserName: chrome, browserVersion: 96.0.4664.45, chrome: {chromedriverVersion: 96.0.4664.45 (76e4c1bb2ab46..., userDataDir: /tmp/.com.google.Chrome.6ggxVa}, goog:chromeOptions: {debuggerAddress: localhost:41829}, javascriptEnabled: true, networkConnectionEnabled: false, pageLoadStrategy: normal, platform: LINUX, platformName: LINUX, proxy: Proxy(), setWindowRect: true, strictFileInteractability: false, timeouts: {implicit: 0, pageLoad: 300000, script: 30000}, unhandledPromptBehavior: dismiss and notify, webauthn:extension:credBlob: true, webauthn:extension:largeBlob: true, webauthn:virtualAuthenticators: true}\nSession ID: 9b09fe5e4f6ded7fcf5c518f51518f06","trace":"org.openqa.selenium.NoSuchSessionException: session timed out or not found\nBuild info: version: '4.1.0', revision: '87802e897b'\nSystem info: host: 'MacBook-Air-ONE.local', ip: '2a02:d247:1102:19fc:48c0:64a6:6a16:aa72%en0', os.name: 'Mac OS X', os.arch: 'x86_64', os.version: '10.15.7', java.version: '1.8.0_301'\nDriver info: org.openqa.selenium.remote.RemoteWebDriver\nCommand: [9b09fe5e4f6ded7fcf5c518f51518f06, get {url=https://www.onliner.by}]\nCapabilities {acceptInsecureCerts: false, browserName: chrome, browserVersion: 96.0.4664.45, chrome: {chromedriverVersion: 96.0.4664.45 (76e4c1bb2ab46..., userDataDir: /tmp/.com.google.Chrome.6ggxVa}, goog:chromeOptions: {debuggerAddress: localhost:41829}, javascriptEnabled: true, networkConnectionEnabled: false, pageLoadStrategy: normal, platform: LINUX, platformName: LINUX, proxy: Proxy(), setWindowRect: true, strictFileInteractability: false, timeouts: {implicit: 0, pageLoad: 300000, script: 30000}, unhandledPromptBehavior: dismiss and notify, webauthn:extension:credBlob: true, webauthn:extension:largeBlob: true, webauthn:virtualAuthenticators: true}\nSession ID: 9b09fe5e4f6ded7fcf5c518f51518f06\n\tat sun.reflect.NativeConstructorAccessorImpl.newInstance0(Native Method)\n\tat sun.reflect.NativeConstructorAccessorImpl.newInstance(NativeConstructorAccessorImpl.java:62)\n\tat sun.reflect.DelegatingConstructorAccessorImpl.newInstance(DelegatingConstructorAccessorImpl.java:45)\n\tat java.lang.reflect.Constructor.newInstance(Constructor.java:423)\n\tat org.openqa.selenium.remote.codec.w3c.W3CHttpResponseCodec.createException(W3CHttpResponseCodec.java:200)\n\tat org.openqa.selenium.remote.codec.w3c.W3CHttpResponseCodec.decode(W3CHttpResponseCodec.java:133)\n\tat org.openqa.selenium.remote.codec.w3c.W3CHttpResponseCodec.decode(W3CHttpResponseCodec.java:53)\n\tat org.openqa.selenium.remote.HttpCommandExecutor.execute(HttpCommandExecutor.java:184)\n\tat org.openqa.selenium.remote.TracedCommandExecutor.execute(TracedCommandExecutor.java:50)\n\tat org.openqa.selenium.remote.RemoteWebDriver.execute(RemoteWebDriver.java:559)\n\tat org.openqa.selenium.remote.RemoteWebDriver.get(RemoteWebDriver.java:328)\n\tat steps.Steps.openUrl(Steps.java:12)\n\tat steps.Steps.clickElement(Steps.java:25)\n\tat tests.FirstTest.test3(FirstTest.java:110)\n\tat sun.reflect.NativeMethodAccessorImpl.invoke0(Native Method)\n\tat sun.reflect.NativeMethodAccessorImpl.invoke(NativeMethodAccessorImpl.java:62)\n\tat sun.reflect.DelegatingMethodAccessorImpl.invoke(DelegatingMethodAccessorImpl.java:43)\n\tat java.lang.reflect.Method.invoke(Method.java:498)\n\tat org.testng.internal.MethodInvocationHelper.invokeMethod(MethodInvocationHelper.java:133)\n\tat org.testng.internal.TestInvoker.invokeMethod(TestInvoker.java:598)\n\tat org.testng.internal.TestInvoker.invokeTestMethod(TestInvoker.java:173)\n\tat org.testng.internal.MethodRunner.runInSequence(MethodRunner.java:46)\n\tat org.testng.internal.TestInvoker$MethodInvocationAgent.invoke(TestInvoker.java:824)\n\tat org.testng.internal.TestInvoker.invokeTestMethods(TestInvoker.java:146)\n\tat org.testng.internal.TestMethodWorker.invokeTestMethods(TestMethodWorker.java:146)\n\tat org.testng.internal.TestMethodWorker.run(TestMethodWorker.java:128)\n\tat java.util.ArrayList.forEach(ArrayList.java:1259)\n\tat org.testng.TestRunner.privateRun(TestRunner.java:794)\n\tat org.testng.TestRunner.run(TestRunner.java:596)\n\tat org.testng.SuiteRunner.runTest(SuiteRunner.java:377)\n\tat org.testng.SuiteRunner.access$000(SuiteRunner.java:28)\n\tat org.testng.SuiteRunner$SuiteWorker.run(SuiteRunner.java:418)\n\tat org.testng.internal.thread.ThreadUtil.lambda$execute$0(ThreadUtil.java:64)\n\tat java.util.concurrent.FutureTask.run(FutureTask.java:266)\n\tat java.util.concurrent.ThreadPoolExecutor.runWorker(ThreadPoolExecutor.java:1149)\n\tat java.util.concurrent.ThreadPoolExecutor$Worker.run(ThreadPoolExecutor.java:624)\n\tat java.lang.Thread.run(Thread.java:748)\n"},"stage":"finished","steps":[{"name":"Steps.clickElement","status":"broken","statusDetails":{"known":false,"muted":false,"flaky":false,"message":"session timed out or not found\nBuild info: version: '4.1.0', revision: '87802e897b'\nSystem info: host: 'MacBook-Air-ONE.local', ip: '2a02:d247:1102:19fc:48c0:64a6:6a16:aa72%en0', os.name: 'Mac OS X', os.arch: 'x86_64', os.version: '10.15.7', java.version: '1.8.0_301'\nDriver info: org.openqa.selenium.remote.RemoteWebDriver\nCommand: [9b09fe5e4f6ded7fcf5c518f51518f06, get {url=https://www.onliner.by}]\nCapabilities {acceptInsecureCerts: false, browserName: chrome, browserVersion: 96.0.4664.45, chrome: {chromedriverVersion: 96.0.4664.45 (76e4c1bb2ab46..., userDataDir: /tmp/.com.google.Chrome.6ggxVa}, goog:chromeOptions: {debuggerAddress: localhost:41829}, javascriptEnabled: true, networkConnectionEnabled: false, pageLoadStrategy: normal, platform: LINUX, platformName: LINUX, proxy: Proxy(), setWindowRect: true, strictFileInteractability: false, timeouts: {implicit: 0, pageLoad: 300000, script: 30000}, unhandledPromptBehavior: dismiss and notify, webauthn:extension:credBlob: true, webauthn:extension:largeBlob: true, webauthn:virtualAuthenticators: true}\nSession ID: 9b09fe5e4f6ded7fcf5c518f51518f06","trace":"org.openqa.selenium.NoSuchSessionException: session timed out or not found\nBuild info: version: '4.1.0', revision: '87802e897b'\nSystem info: host: 'MacBook-Air-ONE.local', ip: '2a02:d247:1102:19fc:48c0:64a6:6a16:aa72%en0', os.name: 'Mac OS X', os.arch: 'x86_64', os.version: '10.15.7', java.version: '1.8.0_301'\nDriver info: org.openqa.selenium.remote.RemoteWebDriver\nCommand: [9b09fe5e4f6ded7fcf5c518f51518f06, get {url=https://www.onliner.by}]\nCapabilities {acceptInsecureCerts: false, browserName: chrome, browserVersion: 96.0.4664.45, chrome: {chromedriverVersion: 96.0.4664.45 (76e4c1bb2ab46..., userDataDir: /tmp/.com.google.Chrome.6ggxVa}, goog:chromeOptions: {debuggerAddress: localhost:41829}, javascriptEnabled: true, networkConnectionEnabled: false, pageLoadStrategy: normal, platform: LINUX, platformName: LINUX, proxy: Proxy(), setWindowRect: true, strictFileInteractability: false, timeouts: {implicit: 0, pageLoad: 300000, script: 30000}, unhandledPromptBehavior: dismiss and notify, webauthn:extension:credBlob: true, webauthn:extension:largeBlob: true, webauthn:virtualAuthenticators: true}\nSession ID: 9b09fe5e4f6ded7fcf5c518f51518f06\n\tat sun.reflect.NativeConstructorAccessorImpl.newInstance0(Native Method)\n\tat sun.reflect.NativeConstructorAccessorImpl.newInstance(NativeConstructorAccessorImpl.java:62)\n\tat sun.reflect.DelegatingConstructorAccessorImpl.newInstance(DelegatingConstructorAccessorImpl.java:45)\n\tat java.lang.reflect.Constructor.newInstance(Constructor.java:423)\n\tat org.openqa.selenium.remote.codec.w3c.W3CHttpResponseCodec.createException(W3CHttpResponseCodec.java:200)\n\tat org.openqa.selenium.remote.codec.w3c.W3CHttpResponseCodec.decode(W3CHttpResponseCodec.java:133)\n\tat org.openqa.selenium.remote.codec.w3c.W3CHttpResponseCodec.decode(W3CHttpResponseCodec.java:53)\n\tat org.openqa.selenium.remote.HttpCommandExecutor.execute(HttpCommandExecutor.java:184)\n\tat org.openqa.selenium.remote.TracedCommandExecutor.execute(TracedCommandExecutor.java:50)\n\tat org.openqa.selenium.remote.RemoteWebDriver.execute(RemoteWebDriver.java:559)\n\tat org.openqa.selenium.remote.RemoteWebDriver.get(RemoteWebDriver.java:328)\n\tat steps.Steps.openUrl(Steps.java:12)\n\tat steps.Steps.clickElement(Steps.java:25)\n\tat tests.FirstTest.test3(FirstTest.java:110)\n\tat sun.reflect.NativeMethodAccessorImpl.invoke0(Native Method)\n\tat sun.reflect.NativeMethodAccessorImpl.invoke(NativeMethodAccessorImpl.java:62)\n\tat sun.reflect.DelegatingMethodAccessorImpl.invoke(DelegatingMethodAccessorImpl.java:43)\n\tat java.lang.reflect.Method.invoke(Method.java:498)\n\tat org.testng.internal.MethodInvocationHelper.invokeMethod(MethodInvocationHelper.java:133)\n\tat org.testng.internal.TestInvoker.invokeMethod(TestInvoker.java:598)\n\tat org.testng.internal.TestInvoker.invokeTestMethod(TestInvoker.java:173)\n\tat org.testng.internal.MethodRunner.runInSequence(MethodRunner.java:46)\n\tat org.testng.internal.TestInvoker$MethodInvocationAgent.invoke(TestInvoker.java:824)\n\tat org.testng.internal.TestInvoker.invokeTestMethods(TestInvoker.java:146)\n\tat org.testng.internal.TestMethodWorker.invokeTestMethods(TestMethodWorker.java:146)\n\tat org.testng.internal.TestMethodWorker.run(TestMethodWorker.java:128)\n\tat java.util.ArrayList.forEach(ArrayList.java:1259)\n\tat org.testng.TestRunner.privateRun(TestRunner.java:794)\n\tat org.testng.TestRunner.run(TestRunner.java:596)\n\tat org.testng.SuiteRunner.runTest(SuiteRunner.java:377)\n\tat org.testng.SuiteRunner.access$000(SuiteRunner.java:28)\n\tat org.testng.SuiteRunner$SuiteWorker.run(SuiteRunner.java:418)\n\tat org.testng.internal.thread.ThreadUtil.lambda$execute$0(ThreadUtil.java:64)\n\tat java.util.concurrent.FutureTask.run(FutureTask.java:266)\n\tat java.util.concurrent.ThreadPoolExecutor.runWorker(ThreadPoolExecutor.java:1149)\n\tat java.util.concurrent.ThreadPoolExecutor$Worker.run(ThreadPoolExecutor.java:624)\n\tat java.lang.Thread.run(Thread.java:748)\n"},"stage":"finished","steps":[{"name":"Steps.openUrl {str1}","status":"broken","statusDetails":{"known":false,"muted":false,"flaky":false,"message":"session timed out or not found\nBuild info: version: '4.1.0', revision: '87802e897b'\nSystem info: host: 'MacBook-Air-ONE.local', ip: '2a02:d247:1102:19fc:48c0:64a6:6a16:aa72%en0', os.name: 'Mac OS X', os.arch: 'x86_64', os.version: '10.15.7', java.version: '1.8.0_301'\nDriver info: org.openqa.selenium.remote.RemoteWebDriver\nCommand: [9b09fe5e4f6ded7fcf5c518f51518f06, get {url=https://www.onliner.by}]\nCapabilities {acceptInsecureCerts: false, browserName: chrome, browserVersion: 96.0.4664.45, chrome: {chromedriverVersion: 96.0.4664.45 (76e4c1bb2ab46..., userDataDir: /tmp/.com.google.Chrome.6ggxVa}, goog:chromeOptions: {debuggerAddress: localhost:41829}, javascriptEnabled: true, networkConnectionEnabled: false, pageLoadStrategy: normal, platform: LINUX, platformName: LINUX, proxy: Proxy(), setWindowRect: true, strictFileInteractability: false, timeouts: {implicit: 0, pageLoad: 300000, script: 30000}, unhandledPromptBehavior: dismiss and notify, webauthn:extension:credBlob: true, webauthn:extension:largeBlob: true, webauthn:virtualAuthenticators: true}\nSession ID: 9b09fe5e4f6ded7fcf5c518f51518f06","trace":"org.openqa.selenium.NoSuchSessionException: session timed out or not found\nBuild info: version: '4.1.0', revision: '87802e897b'\nSystem info: host: 'MacBook-Air-ONE.local', ip: '2a02:d247:1102:19fc:48c0:64a6:6a16:aa72%en0', os.name: 'Mac OS X', os.arch: 'x86_64', os.version: '10.15.7', java.version: '1.8.0_301'\nDriver info: org.openqa.selenium.remote.RemoteWebDriver\nCommand: [9b09fe5e4f6ded7fcf5c518f51518f06, get {url=https://www.onliner.by}]\nCapabilities {acceptInsecureCerts: false, browserName: chrome, browserVersion: 96.0.4664.45, chrome: {chromedriverVersion: 96.0.4664.45 (76e4c1bb2ab46..., userDataDir: /tmp/.com.google.Chrome.6ggxVa}, goog:chromeOptions: {debuggerAddress: localhost:41829}, javascriptEnabled: true, networkConnectionEnabled: false, pageLoadStrategy: normal, platform: LINUX, platformName: LINUX, proxy: Proxy(), setWindowRect: true, strictFileInteractability: false, timeouts: {implicit: 0, pageLoad: 300000, script: 30000}, unhandledPromptBehavior: dismiss and notify, webauthn:extension:credBlob: true, webauthn:extension:largeBlob: true, webauthn:virtualAuthenticators: true}\nSession ID: 9b09fe5e4f6ded7fcf5c518f51518f06\n\tat sun.reflect.NativeConstructorAccessorImpl.newInstance0(Native Method)\n\tat sun.reflect.NativeConstructorAccessorImpl.newInstance(NativeConstructorAccessorImpl.java:62)\n\tat sun.reflect.DelegatingConstructorAccessorImpl.newInstance(DelegatingConstructorAccessorImpl.java:45)\n\tat java.lang.reflect.Constructor.newInstance(Constructor.java:423)\n\tat org.openqa.selenium.remote.codec.w3c.W3CHttpResponseCodec.createException(W3CHttpResponseCodec.java:200)\n\tat org.openqa.selenium.remote.codec.w3c.W3CHttpResponseCodec.decode(W3CHttpResponseCodec.java:133)\n\tat org.openqa.selenium.remote.codec.w3c.W3CHttpResponseCodec.decode(W3CHttpResponseCodec.java:53)\n\tat org.openqa.selenium.remote.HttpCommandExecutor.execute(HttpCommandExecutor.java:184)\n\tat org.openqa.selenium.remote.TracedCommandExecutor.execute(TracedCommandExecutor.java:50)\n\tat org.openqa.selenium.remote.RemoteWebDriver.execute(RemoteWebDriver.java:559)\n\tat org.openqa.selenium.remote.RemoteWebDriver.get(RemoteWebDriver.java:328)\n\tat steps.Steps.openUrl(Steps.java:12)\n\tat steps.Steps.clickElement(Steps.java:25)\n\tat tests.FirstTest.test3(FirstTest.java:110)\n\tat sun.reflect.NativeMethodAccessorImpl.invoke0(Native Method)\n\tat sun.reflect.NativeMethodAccessorImpl.invoke(NativeMethodAccessorImpl.java:62)\n\tat sun.reflect.DelegatingMethodAccessorImpl.invoke(DelegatingMethodAccessorImpl.java:43)\n\tat java.lang.reflect.Method.invoke(Method.java:498)\n\tat org.testng.internal.MethodInvocationHelper.invokeMethod(MethodInvocationHelper.java:133)\n\tat org.testng.internal.TestInvoker.invokeMethod(TestInvoker.java:598)\n\tat org.testng.internal.TestInvoker.invokeTestMethod(TestInvoker.java:173)\n\tat org.testng.internal.MethodRunner.runInSequence(MethodRunner.java:46)\n\tat org.testng.internal.TestInvoker$MethodInvocationAgent.invoke(TestInvoker.java:824)\n\tat org.testng.internal.TestInvoker.invokeTestMethods(TestInvoker.java:146)\n\tat org.testng.internal.TestMethodWorker.invokeTestMethods(TestMethodWorker.java:146)\n\tat org.testng.internal.TestMethodWorker.run(TestMethodWorker.java:128)\n\tat java.util.ArrayList.forEach(ArrayList.java:1259)\n\tat org.testng.TestRunner.privateRun(TestRunner.java:794)\n\tat org.testng.TestRunner.run(TestRunner.java:596)\n\tat org.testng.SuiteRunner.runTest(SuiteRunner.java:377)\n\tat org.testng.SuiteRunner.access$000(SuiteRunner.java:28)\n\tat org.testng.SuiteRunner$SuiteWorker.run(SuiteRunner.java:418)\n\tat org.testng.internal.thread.ThreadUtil.lambda$execute$0(ThreadUtil.java:64)\n\tat java.util.concurrent.FutureTask.run(FutureTask.java:266)\n\tat java.util.concurrent.ThreadPoolExecutor.runWorker(ThreadPoolExecutor.java:1149)\n\tat java.util.concurrent.ThreadPoolExecutor$Worker.run(ThreadPoolExecutor.java:624)\n\tat java.lang.Thread.run(Thread.java:748)\n"},"stage":"finished","steps":[],"attachments":[],"parameters":[{"name":"Url","value":"https://www.onliner.by"}],"start":1638547490643,"stop":1638547490651}],"attachments":[],"parameters":[{"name":"webElementForClick","value":"<NPE>"},{"name":"webElementForCheck","value":"<NPE>"},{"name":"Url","value":"https://www.onliner.by"}],"start":1638547490642,"stop":1638547490652}],"attachments":[],"parameters":[{"name":"browser","value":"chrome"}],"start":1638547490619,"stop":1638547490653}